  [1m[36m (3.0ms)[0m  [1mCREATE TABLE "schema_migrations" ("version" character varying(255) NOT NULL) [0m
  [1m[35m (1.7ms)[0m  CREATE UNIQUE INDEX  "unique_schema_migrations" ON "schema_migrations"  ("version")
  [1m[36mActiveRecord::SchemaMigration Load (0.5ms)[0m  [1mSELECT "schema_migrations".* FROM "schema_migrations"[0m
Migrating to CreatePopups (20140523214431)
  [1m[35m (0.1ms)[0m  BEGIN
  [1m[36m (6.1ms)[0m  [1mCREATE TABLE "popups" ("id" serial primary key, "name" character varying(255), "address" character varying(255), "hours" character varying(255), "price" character varying(255), "description" character varying(255), "image" text, "expires_at" timestamp, "created_at" timestamp, "updated_at" timestamp) [0m
  [1m[35mSQL (0.5ms)[0m  INSERT INTO "schema_migrations" ("version") VALUES ($1)  [["version", "20140523214431"]]
  [1m[36m (0.5ms)[0m  [1mCOMMIT[0m
Migrating to CreateFeeds (20140523214439)
  [1m[35m (0.4ms)[0m  BEGIN
  [1m[36m (2.8ms)[0m  [1mCREATE TABLE "feeds" ("id" serial primary key, "comment" character varying(255), "created_at" timestamp, "updated_at" timestamp) [0m
  [1m[35mSQL (1.0ms)[0m  INSERT INTO "schema_migrations" ("version") VALUES ($1)  [["version", "20140523214439"]]
  [1m[36m (0.4ms)[0m  [1mCOMMIT[0m
Migrating to DeviseCreateUsers (20140523214720)
  [1m[35m (0.3ms)[0m  BEGIN
  [1m[36m (6.5ms)[0m  [1mCREATE TABLE "users" ("id" serial primary key, "email" character varying(255) DEFAULT '' NOT NULL, "encrypted_password" character varying(255) DEFAULT '' NOT NULL, "reset_password_token" character varying(255), "reset_password_sent_at" timestamp, "remember_created_at" timestamp, "sign_in_count" integer DEFAULT 0 NOT NULL, "current_sign_in_at" timestamp, "last_sign_in_at" timestamp, "current_sign_in_ip" character varying(255), "last_sign_in_ip" character varying(255), "created_at" timestamp, "updated_at" timestamp) [0m
  [1m[35m (1.2ms)[0m  CREATE UNIQUE INDEX  "index_users_on_email" ON "users"  ("email")
  [1m[36m (1.1ms)[0m  [1mCREATE UNIQUE INDEX  "index_users_on_reset_password_token" ON "users"  ("reset_password_token")[0m
  [1m[35mSQL (0.2ms)[0m  INSERT INTO "schema_migrations" ("version") VALUES ($1)  [["version", "20140523214720"]]
  [1m[36m (0.7ms)[0m  [1mCOMMIT[0m
  [1m[35mActiveRecord::SchemaMigration Load (0.2ms)[0m  SELECT "schema_migrations".* FROM "schema_migrations"
  [1m[36m (132.4ms)[0m  [1mDROP DATABASE IF EXISTS "popspot_auth_test"[0m
  [1m[35m (255.1ms)[0m  CREATE DATABASE "popspot_auth_test" ENCODING = 'utf8'
  [1m[36mSQL (2.0ms)[0m  [1mCREATE EXTENSION IF NOT EXISTS "plpgsql"[0m
  [1m[35m (7.4ms)[0m  CREATE TABLE "feeds" ("id" serial primary key, "comment" character varying(255), "created_at" timestamp, "updated_at" timestamp) 
  [1m[36m (4.5ms)[0m  [1mCREATE TABLE "popups" ("id" serial primary key, "name" character varying(255), "address" character varying(255), "hours" character varying(255), "price" character varying(255), "description" character varying(255), "image" text, "expires_at" timestamp, "created_at" timestamp, "updated_at" timestamp) [0m
  [1m[35m (4.8ms)[0m  CREATE TABLE "users" ("id" serial primary key, "email" character varying(255) DEFAULT '' NOT NULL, "encrypted_password" character varying(255) DEFAULT '' NOT NULL, "reset_password_token" character varying(255), "reset_password_sent_at" timestamp, "remember_created_at" timestamp, "sign_in_count" integer DEFAULT 0 NOT NULL, "current_sign_in_at" timestamp, "last_sign_in_at" timestamp, "current_sign_in_ip" character varying(255), "last_sign_in_ip" character varying(255), "created_at" timestamp, "updated_at" timestamp) 
  [1m[36m (1.5ms)[0m  [1mCREATE UNIQUE INDEX  "index_users_on_email" ON "users" USING btree ("email")[0m
  [1m[35m (1.3ms)[0m  CREATE UNIQUE INDEX  "index_users_on_reset_password_token" ON "users" USING btree ("reset_password_token")
  [1m[36m (1.3ms)[0m  [1mCREATE TABLE "schema_migrations" ("version" character varying(255) NOT NULL) [0m
  [1m[35m (1.3ms)[0m  CREATE UNIQUE INDEX  "unique_schema_migrations" ON "schema_migrations"  ("version")
  [1m[36m (0.4ms)[0m  [1mSELECT version FROM "schema_migrations"[0m
  [1m[35m (0.7ms)[0m  INSERT INTO "schema_migrations" (version) VALUES ('20140523214720')
  [1m[36m (0.5ms)[0m  [1mINSERT INTO "schema_migrations" (version) VALUES ('20140523214431')[0m
  [1m[35m (0.4ms)[0m  INSERT INTO "schema_migrations" (version) VALUES ('20140523214439')
  [1m[36mActiveRecord::SchemaMigration Load (0.5ms)[0m  [1mSELECT "schema_migrations".* FROM "schema_migrations"[0m
  [1m[35mActiveRecord::SchemaMigration Load (0.3ms)[0m  SELECT "schema_migrations".* FROM "schema_migrations"


Started GET "/" for 127.0.0.1 at 2014-05-23 14:53:54 -0700
  [1m[36mActiveRecord::SchemaMigration Load (0.5ms)[0m  [1mSELECT "schema_migrations".* FROM "schema_migrations"[0m
Processing by PopupsController#index as HTML
Completed 401 Unauthorized in 18ms


Started GET "/users/sign_in" for 127.0.0.1 at 2014-05-23 14:53:54 -0700
Processing by Devise::SessionsController#new as HTML
  Rendered devise/shared/_links.erb (1.2ms)
  Rendered devise/sessions/new.html.erb within layouts/application (22.5ms)
Completed 500 Internal Server Error in 47ms

SyntaxError (/Users/mathur7/Projects/Project_2/app/views/layouts/application.html.erb:36: syntax error, unexpected keyword_ensure, expecting end-of-input):
  actionview (4.1.1) lib/action_view/template.rb:297:in `module_eval'
  actionview (4.1.1) lib/action_view/template.rb:297:in `compile'
  actionview (4.1.1) lib/action_view/template.rb:245:in `block (2 levels) in compile!'
  activesupport (4.1.1) lib/active_support/notifications.rb:161:in `instrument'
  actionview (4.1.1) lib/action_view/template.rb:339:in `instrument'
  actionview (4.1.1) lib/action_view/template.rb:244:in `block in compile!'
  actionview (4.1.1) lib/action_view/template.rb:232:in `synchronize'
  actionview (4.1.1) lib/action_view/template.rb:232:in `compile!'
  actionview (4.1.1) lib/action_view/template.rb:144:in `block in render'
  activesupport (4.1.1) lib/active_support/notifications.rb:161:in `instrument'
  actionview (4.1.1) lib/action_view/template.rb:339:in `instrument'
  actionview (4.1.1) lib/action_view/template.rb:143:in `render'
  actionview (4.1.1) lib/action_view/renderer/template_renderer.rb:67:in `render_with_layout'
  actionview (4.1.1) lib/action_view/renderer/template_renderer.rb:53:in `render_template'
  actionview (4.1.1) lib/action_view/renderer/template_renderer.rb:17:in `render'
  actionview (4.1.1) lib/action_view/renderer/renderer.rb:42:in `render_template'
  actionview (4.1.1) lib/action_view/renderer/renderer.rb:23:in `render'
  actionview (4.1.1) lib/action_view/rendering.rb:99:in `_render_template'
  actionpack (4.1.1) lib/action_controller/metal/streaming.rb:217:in `_render_template'
  actionview (4.1.1) lib/action_view/rendering.rb:82:in `render_to_body'
  actionpack (4.1.1) lib/action_controller/metal/rendering.rb:32:in `render_to_body'
  actionpack (4.1.1) lib/action_controller/metal/renderers.rb:32:in `render_to_body'
  actionpack (4.1.1) lib/abstract_controller/rendering.rb:25:in `render'
  actionpack (4.1.1) lib/action_controller/metal/rendering.rb:16:in `render'
  actionpack (4.1.1) lib/action_controller/metal/instrumentation.rb:41:in `block (2 levels) in render'
  activesupport (4.1.1) lib/active_support/core_ext/benchmark.rb:12:in `block in ms'
  /Users/mathur7/.rvm/rubies/ruby-2.1.1/lib/ruby/2.1.0/benchmark.rb:294:in `realtime'
  activesupport (4.1.1) lib/active_support/core_ext/benchmark.rb:12:in `ms'
  actionpack (4.1.1) lib/action_controller/metal/instrumentation.rb:41:in `block in render'
  actionpack (4.1.1) lib/action_controller/metal/instrumentation.rb:84:in `cleanup_view_runtime'
  activerecord (4.1.1) lib/active_record/railties/controller_runtime.rb:25:in `cleanup_view_runtime'
  actionpack (4.1.1) lib/action_controller/metal/instrumentation.rb:40:in `render'
  actionpack (4.1.1) lib/action_controller/metal/implicit_render.rb:10:in `default_render'
  actionpack (4.1.1) lib/action_controller/metal/responder.rb:238:in `default_render'
  actionpack (4.1.1) lib/action_controller/metal/responder.rb:165:in `to_html'
  actionpack (4.1.1) lib/action_controller/metal/responder.rb:158:in `respond'
  actionpack (4.1.1) lib/action_controller/metal/responder.rb:151:in `call'
  actionpack (4.1.1) lib/action_controller/metal/mime_responds.rb:400:in `respond_with'
  devise (3.2.4) app/controllers/devise/sessions_controller.rb:10:in `new'
  actionpack (4.1.1) lib/action_controller/metal/implicit_render.rb:4:in `send_action'
  actionpack (4.1.1) lib/abstract_controller/base.rb:189:in `process_action'
  actionpack (4.1.1) lib/action_controller/metal/rendering.rb:10:in `process_action'
  actionpack (4.1.1) lib/abstract_controller/callbacks.rb:20:in `block in process_action'
  activesupport (4.1.1) lib/active_support/callbacks.rb:113:in `call'
  activesupport (4.1.1) lib/active_support/callbacks.rb:113:in `call'
  activesupport (4.1.1) lib/active_support/callbacks.rb:166:in `block in halting'
  activesupport (4.1.1) lib/active_support/callbacks.rb:229:in `call'
  activesupport (4.1.1) lib/active_support/callbacks.rb:229:in `block in halting'
  activesupport (4.1.1) lib/active_support/callbacks.rb:229:in `call'
  activesupport (4.1.1) lib/active_support/callbacks.rb:229:in `block in halting'
  activesupport (4.1.1) lib/active_support/callbacks.rb:166:in `call'
  activesupport (4.1.1) lib/active_support/callbacks.rb:166:in `block in halting'
  activesupport (4.1.1) lib/active_support/callbacks.rb:166:in `call'
  activesupport (4.1.1) lib/active_support/callbacks.rb:166:in `block in halting'
  activesupport (4.1.1) lib/active_support/callbacks.rb:166:in `call'
  activesupport (4.1.1) lib/active_support/callbacks.rb:166:in `block in halting'
  activesupport (4.1.1) lib/active_support/callbacks.rb:166:in `call'
  activesupport (4.1.1) lib/active_support/callbacks.rb:166:in `block in halting'
  activesupport (4.1.1) lib/active_support/callbacks.rb:149:in `call'
  activesupport (4.1.1) lib/active_support/callbacks.rb:149:in `block in halting_and_conditional'
  activesupport (4.1.1) lib/active_support/callbacks.rb:149:in `call'
  activesupport (4.1.1) lib/active_support/callbacks.rb:149:in `block in halting_and_conditional'
  activesupport (4.1.1) lib/active_support/callbacks.rb:149:in `call'
  activesupport (4.1.1) lib/active_support/callbacks.rb:149:in `block in halting_and_conditional'
  activesupport (4.1.1) lib/active_support/callbacks.rb:86:in `call'
  activesupport (4.1.1) lib/active_support/callbacks.rb:86:in `run_callbacks'
  actionpack (4.1.1) lib/abstract_controller/callbacks.rb:19:in `process_action'
  actionpack (4.1.1) lib/action_controller/metal/rescue.rb:29:in `process_action'
  actionpack (4.1.1) lib/action_controller/metal/instrumentation.rb:31:in `block in process_action'
  activesupport (4.1.1) lib/active_support/notifications.rb:159:in `block in instrument'
  activesupport (4.1.1) lib/active_support/notifications/instrumenter.rb:20:in `instrument'
  activesupport (4.1.1) lib/active_support/notifications.rb:159:in `instrument'
  actionpack (4.1.1) lib/action_controller/metal/instrumentation.rb:30:in `process_action'
  actionpack (4.1.1) lib/action_controller/metal/params_wrapper.rb:250:in `process_action'
  activerecord (4.1.1) lib/active_record/railties/controller_runtime.rb:18:in `process_action'
  actionpack (4.1.1) lib/abstract_controller/base.rb:136:in `process'
  actionview (4.1.1) lib/action_view/rendering.rb:30:in `process'
  actionpack (4.1.1) lib/action_controller/metal.rb:195:in `dispatch'
  actionpack (4.1.1) lib/action_controller/metal/rack_delegation.rb:13:in `dispatch'
  actionpack (4.1.1) lib/action_controller/metal.rb:231:in `block in action'
  actionpack (4.1.1) lib/action_dispatch/routing/route_set.rb:80:in `call'
  actionpack (4.1.1) lib/action_dispatch/routing/route_set.rb:80:in `dispatch'
  actionpack (4.1.1) lib/action_dispatch/routing/route_set.rb:48:in `call'
  actionpack (4.1.1) lib/action_dispatch/routing/mapper.rb:45:in `call'
  actionpack (4.1.1) lib/action_dispatch/journey/router.rb:71:in `block in call'
  actionpack (4.1.1) lib/action_dispatch/journey/router.rb:59:in `each'
  actionpack (4.1.1) lib/action_dispatch/journey/router.rb:59:in `call'
  actionpack (4.1.1) lib/action_dispatch/routing/route_set.rb:676:in `call'
  warden (1.2.3) lib/warden/manager.rb:35:in `block in call'
  warden (1.2.3) lib/warden/manager.rb:34:in `catch'
  warden (1.2.3) lib/warden/manager.rb:34:in `call'
  rack (1.5.2) lib/rack/etag.rb:23:in `call'
  rack (1.5.2) lib/rack/conditionalget.rb:25:in `call'
  rack (1.5.2) lib/rack/head.rb:11:in `call'
  actionpack (4.1.1) lib/action_dispatch/middleware/params_parser.rb:27:in `call'
  actionpack (4.1.1) lib/action_dispatch/middleware/flash.rb:254:in `call'
  rack (1.5.2) lib/rack/session/abstract/id.rb:225:in `context'
  rack (1.5.2) lib/rack/session/abstract/id.rb:220:in `call'
  actionpack (4.1.1) lib/action_dispatch/middleware/cookies.rb:560:in `call'
  activerecord (4.1.1) lib/active_record/query_cache.rb:36:in `call'
  activerecord (4.1.1) lib/active_record/connection_adapters/abstract/connection_pool.rb:621:in `call'
  activerecord (4.1.1) lib/active_record/migration.rb:380:in `call'
  actionpack (4.1.1) lib/action_dispatch/middleware/callbacks.rb:29:in `block in call'
  activesupport (4.1.1) lib/active_support/callbacks.rb:82:in `run_callbacks'
  actionpack (4.1.1) lib/action_dispatch/middleware/callbacks.rb:27:in `call'
  actionpack (4.1.1) lib/action_dispatch/middleware/reloader.rb:73:in `call'
  actionpack (4.1.1) lib/action_dispatch/middleware/remote_ip.rb:76:in `call'
  actionpack (4.1.1) lib/action_dispatch/middleware/debug_exceptions.rb:17:in `call'
  actionpack (4.1.1) lib/action_dispatch/middleware/show_exceptions.rb:30:in `call'
  railties (4.1.1) lib/rails/rack/logger.rb:38:in `call_app'
  railties (4.1.1) lib/rails/rack/logger.rb:20:in `block in call'
  activesupport (4.1.1) lib/active_support/tagged_logging.rb:68:in `block in tagged'
  activesupport (4.1.1) lib/active_support/tagged_logging.rb:26:in `tagged'
  activesupport (4.1.1) lib/active_support/tagged_logging.rb:68:in `tagged'
  railties (4.1.1) lib/rails/rack/logger.rb:20:in `call'
  actionpack (4.1.1) lib/action_dispatch/middleware/request_id.rb:21:in `call'
  rack (1.5.2) lib/rack/methodoverride.rb:21:in `call'
  rack (1.5.2) lib/rack/runtime.rb:17:in `call'
  activesupport (4.1.1) lib/active_support/cache/strategy/local_cache_middleware.rb:26:in `call'
  rack (1.5.2) lib/rack/lock.rb:17:in `call'
  actionpack (4.1.1) lib/action_dispatch/middleware/static.rb:64:in `call'
  rack (1.5.2) lib/rack/sendfile.rb:112:in `call'
  railties (4.1.1) lib/rails/engine.rb:514:in `call'
  railties (4.1.1) lib/rails/application.rb:144:in `call'
  rack (1.5.2) lib/rack/lock.rb:17:in `call'
  rack (1.5.2) lib/rack/content_length.rb:14:in `call'
  rack (1.5.2) lib/rack/handler/webrick.rb:60:in `service'
  /Users/mathur7/.rvm/rubies/ruby-2.1.1/lib/ruby/2.1.0/webrick/httpserver.rb:138:in `service'
  /Users/mathur7/.rvm/rubies/ruby-2.1.1/lib/ruby/2.1.0/webrick/httpserver.rb:94:in `run'
  /Users/mathur7/.rvm/rubies/ruby-2.1.1/lib/ruby/2.1.0/webrick/server.rb:295:in `block in start_thread'


  Rendered /Users/mathur7/.rvm/gems/ruby-2.1.1/gems/actionpack-4.1.1/lib/action_dispatch/middleware/templates/rescues/_source.erb (0.5ms)
  Rendered /Users/mathur7/.rvm/gems/ruby-2.1.1/gems/actionpack-4.1.1/lib/action_dispatch/middleware/templates/rescues/_trace.html.erb (1.9ms)
  Rendered /Users/mathur7/.rvm/gems/ruby-2.1.1/gems/actionpack-4.1.1/lib/action_dispatch/middleware/templates/rescues/_request_and_response.html.erb (0.9ms)
  Rendered /Users/mathur7/.rvm/gems/ruby-2.1.1/gems/actionpack-4.1.1/lib/action_dispatch/middleware/templates/rescues/diagnostics.erb within rescues/layout (18.3ms)


Started GET "/users/sign_in" for 127.0.0.1 at 2014-05-23 14:54:21 -0700
Processing by Devise::SessionsController#new as HTML
  Rendered devise/shared/_links.erb (0.6ms)
  Rendered devise/sessions/new.html.erb within layouts/application (4.2ms)
Completed 200 OK in 502ms (Views: 500.2ms | ActiveRecord: 0.0ms)


Started GET "/assets/application.css?body=1" for 127.0.0.1 at 2014-05-23 14:54:22 -0700


Started GET "/assets/popups.css?body=1" for 127.0.0.1 at 2014-05-23 14:54:22 -0700


Started GET "/assets/jquery_ujs.js?body=1" for 127.0.0.1 at 2014-05-23 14:54:22 -0700


Started GET "/assets/turbolinks.js?body=1" for 127.0.0.1 at 2014-05-23 14:54:22 -0700


Started GET "/assets/popups.js?body=1" for 127.0.0.1 at 2014-05-23 14:54:22 -0700


Started GET "/assets/application.js?body=1" for 127.0.0.1 at 2014-05-23 14:54:22 -0700


Started GET "/assets/jquery.js?body=1" for 127.0.0.1 at 2014-05-23 14:54:22 -0700


Started GET "/users/sign_up" for 127.0.0.1 at 2014-05-23 14:54:27 -0700
Processing by Devise::RegistrationsController#new as HTML
  Rendered devise/shared/_links.erb (0.5ms)
  Rendered devise/registrations/new.html.erb within layouts/application (10.9ms)
Completed 200 OK in 21ms (Views: 19.4ms | ActiveRecord: 0.0ms)


Started POST "/users" for 127.0.0.1 at 2014-05-23 14:54:52 -0700
Processing by Devise::RegistrationsController#create as HTML
  Parameters: {"utf8"=>"✓", "authenticity_token"=>"pDN7LtMGaTDR5TTaF9piN0zp2AImZfTK51jM1VL3WKA=", "user"=>{"email"=>"mathur7@gmail.com", "password"=>"[FILTERED]", "password_confirmation"=>"[FILTERED]"}, "commit"=>"Sign up"}
  [1m[35m (0.2ms)[0m  BEGIN
  [1m[36mUser Exists (2.1ms)[0m  [1mSELECT  1 AS one FROM "users"  WHERE "users"."email" = 'mathur7@gmail.com' LIMIT 1[0m
  [1m[35mSQL (0.8ms)[0m  INSERT INTO "users" ("created_at", "email", "encrypted_password", "updated_at") VALUES ($1, $2, $3, $4) RETURNING "id"  [["created_at", "2014-05-23 21:54:52.966401"], ["email", "mathur7@gmail.com"], ["encrypted_password", "$2a$10$GQgHldfSPBldZZAXoCnf0O.UXne3UlL6.AocQRwebf0Z1cCLOzS9O"], ["updated_at", "2014-05-23 21:54:52.966401"]]
  [1m[36m (0.8ms)[0m  [1mCOMMIT[0m
  [1m[35m (0.2ms)[0m  BEGIN
  [1m[36mSQL (0.9ms)[0m  [1mUPDATE "users" SET "current_sign_in_at" = $1, "current_sign_in_ip" = $2, "last_sign_in_at" = $3, "last_sign_in_ip" = $4, "sign_in_count" = $5, "updated_at" = $6 WHERE "users"."id" = 1[0m  [["current_sign_in_at", "2014-05-23 21:54:52.973211"], ["current_sign_in_ip", "127.0.0.1"], ["last_sign_in_at", "2014-05-23 21:54:52.973211"], ["last_sign_in_ip", "127.0.0.1"], ["sign_in_count", 1], ["updated_at", "2014-05-23 21:54:52.974233"]]
  [1m[35m (0.4ms)[0m  COMMIT
Redirected to http://localhost:3000/
Completed 302 Found in 108ms (ActiveRecord: 5.6ms)


Started GET "/" for 127.0.0.1 at 2014-05-23 14:54:52 -0700
Processing by PopupsController#index as HTML
  [1m[36mUser Load (0.7ms)[0m  [1mSELECT  "users".* FROM "users"  WHERE "users"."id" = 1  ORDER BY "users"."id" ASC LIMIT 1[0m
  Rendered popups/index.html.erb within layouts/application (0.3ms)
Completed 200 OK in 12ms (Views: 4.3ms | ActiveRecord: 0.7ms)


Started GET "/assets/jquery.js?body=1" for 127.0.0.1 at 2014-05-23 14:54:53 -0700


Started GET "/assets/popups.js?body=1" for 127.0.0.1 at 2014-05-23 14:54:53 -0700


Started GET "/assets/jquery_ujs.js?body=1" for 127.0.0.1 at 2014-05-23 14:54:53 -0700


Started GET "/assets/turbolinks.js?body=1" for 127.0.0.1 at 2014-05-23 14:54:53 -0700


Started GET "/assets/popups.css?body=1" for 127.0.0.1 at 2014-05-23 14:54:53 -0700


Started GET "/assets/application.css?body=1" for 127.0.0.1 at 2014-05-23 14:54:53 -0700


Started GET "/" for 127.0.0.1 at 2014-05-23 15:38:10 -0700
  [1m[36mActiveRecord::SchemaMigration Load (0.6ms)[0m  [1mSELECT "schema_migrations".* FROM "schema_migrations"[0m
Processing by PopupsController#index as HTML
  [1m[35mUser Load (3.1ms)[0m  SELECT  "users".* FROM "users"  WHERE "users"."id" = 1  ORDER BY "users"."id" ASC LIMIT 1
  Rendered popups/index.html.erb within layouts/application (2.4ms)
Completed 200 OK in 85ms (Views: 37.3ms | ActiveRecord: 6.3ms)


Started GET "/assets/application.css?body=1" for 127.0.0.1 at 2014-05-23 15:38:10 -0700


Started GET "/assets/popups.css?body=1" for 127.0.0.1 at 2014-05-23 15:38:10 -0700


Started GET "/assets/turbolinks.js?body=1" for 127.0.0.1 at 2014-05-23 15:38:10 -0700


Started GET "/assets/jquery_ujs.js?body=1" for 127.0.0.1 at 2014-05-23 15:38:10 -0700


Started GET "/assets/popups.js?body=1" for 127.0.0.1 at 2014-05-23 15:38:10 -0700


Started GET "/assets/jquery.js?body=1" for 127.0.0.1 at 2014-05-23 15:38:10 -0700


Started GET "/assets/application.js?body=1" for 127.0.0.1 at 2014-05-23 15:38:10 -0700


Started GET "/popups/new" for 127.0.0.1 at 2014-05-23 15:38:21 -0700
Processing by PopupsController#new as HTML
  [1m[36mUser Load (0.7ms)[0m  [1mSELECT  "users".* FROM "users"  WHERE "users"."id" = 1  ORDER BY "users"."id" ASC LIMIT 1[0m
  Rendered popups/new.html.erb within layouts/application (0.9ms)
Completed 500 Internal Server Error in 11ms

SyntaxError (/Users/mathur7/Projects/Project_2/app/views/popups/new.html.erb:12: syntax error, unexpected ':'
...utput_buffer.append=( f.label : :address );@output_buffer.sa...
...                               ^):
  actionview (4.1.1) lib/action_view/template.rb:297:in `module_eval'
  actionview (4.1.1) lib/action_view/template.rb:297:in `compile'
  actionview (4.1.1) lib/action_view/template.rb:245:in `block (2 levels) in compile!'
  activesupport (4.1.1) lib/active_support/notifications.rb:161:in `instrument'
  actionview (4.1.1) lib/action_view/template.rb:339:in `instrument'
  actionview (4.1.1) lib/action_view/template.rb:244:in `block in compile!'
  actionview (4.1.1) lib/action_view/template.rb:232:in `synchronize'
  actionview (4.1.1) lib/action_view/template.rb:232:in `compile!'
  actionview (4.1.1) lib/action_view/template.rb:144:in `block in render'
  activesupport (4.1.1) lib/active_support/notifications.rb:161:in `instrument'
  actionview (4.1.1) lib/action_view/template.rb:339:in `instrument'
  actionview (4.1.1) lib/action_view/template.rb:143:in `render'
  actionview (4.1.1) lib/action_view/renderer/template_renderer.rb:55:in `block (2 levels) in render_template'
  actionview (4.1.1) lib/action_view/renderer/abstract_renderer.rb:38:in `block in instrument'
  activesupport (4.1.1) lib/active_support/notifications.rb:159:in `block in instrument'
  activesupport (4.1.1) lib/active_support/notifications/instrumenter.rb:20:in `instrument'
  activesupport (4.1.1) lib/active_support/notifications.rb:159:in `instrument'
  actionview (4.1.1) lib/action_view/renderer/abstract_renderer.rb:38:in `instrument'
  actionview (4.1.1) lib/action_view/renderer/template_renderer.rb:54:in `block in render_template'
  actionview (4.1.1) lib/action_view/renderer/template_renderer.rb:62:in `render_with_layout'
  actionview (4.1.1) lib/action_view/renderer/template_renderer.rb:53:in `render_template'
  actionview (4.1.1) lib/action_view/renderer/template_renderer.rb:17:in `render'
  actionview (4.1.1) lib/action_view/renderer/renderer.rb:42:in `render_template'
  actionview (4.1.1) lib/action_view/renderer/renderer.rb:23:in `render'
  actionview (4.1.1) lib/action_view/rendering.rb:99:in `_render_template'
  actionpack (4.1.1) lib/action_controller/metal/streaming.rb:217:in `_render_template'
  actionview (4.1.1) lib/action_view/rendering.rb:82:in `render_to_body'
  actionpack (4.1.1) lib/action_controller/metal/rendering.rb:32:in `render_to_body'
  actionpack (4.1.1) lib/action_controller/metal/renderers.rb:32:in `render_to_body'
  actionpack (4.1.1) lib/abstract_controller/rendering.rb:25:in `render'
  actionpack (4.1.1) lib/action_controller/metal/rendering.rb:16:in `render'
  actionpack (4.1.1) lib/action_controller/metal/instrumentation.rb:41:in `block (2 levels) in render'
  activesupport (4.1.1) lib/active_support/core_ext/benchmark.rb:12:in `block in ms'
  /Users/mathur7/.rvm/rubies/ruby-2.1.1/lib/ruby/2.1.0/benchmark.rb:294:in `realtime'
  activesupport (4.1.1) lib/active_support/core_ext/benchmark.rb:12:in `ms'
  actionpack (4.1.1) lib/action_controller/metal/instrumentation.rb:41:in `block in render'
  actionpack (4.1.1) lib/action_controller/metal/instrumentation.rb:84:in `cleanup_view_runtime'
  activerecord (4.1.1) lib/active_record/railties/controller_runtime.rb:25:in `cleanup_view_runtime'
  actionpack (4.1.1) lib/action_controller/metal/instrumentation.rb:40:in `render'
  actionpack (4.1.1) lib/action_controller/metal/implicit_render.rb:10:in `default_render'
  actionpack (4.1.1) lib/action_controller/metal/implicit_render.rb:5:in `send_action'
  actionpack (4.1.1) lib/abstract_controller/base.rb:189:in `process_action'
  actionpack (4.1.1) lib/action_controller/metal/rendering.rb:10:in `process_action'
  actionpack (4.1.1) lib/abstract_controller/callbacks.rb:20:in `block in process_action'
  activesupport (4.1.1) lib/active_support/callbacks.rb:113:in `call'
  activesupport (4.1.1) lib/active_support/callbacks.rb:113:in `call'
  activesupport (4.1.1) lib/active_support/callbacks.rb:166:in `block in halting'
  activesupport (4.1.1) lib/active_support/callbacks.rb:229:in `call'
  activesupport (4.1.1) lib/active_support/callbacks.rb:229:in `block in halting'
  activesupport (4.1.1) lib/active_support/callbacks.rb:229:in `call'
  activesupport (4.1.1) lib/active_support/callbacks.rb:229:in `block in halting'
  activesupport (4.1.1) lib/active_support/callbacks.rb:166:in `call'
  activesupport (4.1.1) lib/active_support/callbacks.rb:166:in `block in halting'
  activesupport (4.1.1) lib/active_support/callbacks.rb:166:in `call'
  activesupport (4.1.1) lib/active_support/callbacks.rb:166:in `block in halting'
  activesupport (4.1.1) lib/active_support/callbacks.rb:166:in `call'
  activesupport (4.1.1) lib/active_support/callbacks.rb:166:in `block in halting'
  activesupport (4.1.1) lib/active_support/callbacks.rb:86:in `call'
  activesupport (4.1.1) lib/active_support/callbacks.rb:86:in `run_callbacks'
  actionpack (4.1.1) lib/abstract_controller/callbacks.rb:19:in `process_action'
  actionpack (4.1.1) lib/action_controller/metal/rescue.rb:29:in `process_action'
  actionpack (4.1.1) lib/action_controller/metal/instrumentation.rb:31:in `block in process_action'
  activesupport (4.1.1) lib/active_support/notifications.rb:159:in `block in instrument'
  activesupport (4.1.1) lib/active_support/notifications/instrumenter.rb:20:in `instrument'
  activesupport (4.1.1) lib/active_support/notifications.rb:159:in `instrument'
  actionpack (4.1.1) lib/action_controller/metal/instrumentation.rb:30:in `process_action'
  actionpack (4.1.1) lib/action_controller/metal/params_wrapper.rb:250:in `process_action'
  activerecord (4.1.1) lib/active_record/railties/controller_runtime.rb:18:in `process_action'
  actionpack (4.1.1) lib/abstract_controller/base.rb:136:in `process'
  actionview (4.1.1) lib/action_view/rendering.rb:30:in `process'
  actionpack (4.1.1) lib/action_controller/metal.rb:195:in `dispatch'
  actionpack (4.1.1) lib/action_controller/metal/rack_delegation.rb:13:in `dispatch'
  actionpack (4.1.1) lib/action_controller/metal.rb:231:in `block in action'
  actionpack (4.1.1) lib/action_dispatch/routing/route_set.rb:80:in `call'
  actionpack (4.1.1) lib/action_dispatch/routing/route_set.rb:80:in `dispatch'
  actionpack (4.1.1) lib/action_dispatch/routing/route_set.rb:48:in `call'
  actionpack (4.1.1) lib/action_dispatch/journey/router.rb:71:in `block in call'
  actionpack (4.1.1) lib/action_dispatch/journey/router.rb:59:in `each'
  actionpack (4.1.1) lib/action_dispatch/journey/router.rb:59:in `call'
  actionpack (4.1.1) lib/action_dispatch/routing/route_set.rb:676:in `call'
  warden (1.2.3) lib/warden/manager.rb:35:in `block in call'
  warden (1.2.3) lib/warden/manager.rb:34:in `catch'
  warden (1.2.3) lib/warden/manager.rb:34:in `call'
  rack (1.5.2) lib/rack/etag.rb:23:in `call'
  rack (1.5.2) lib/rack/conditionalget.rb:25:in `call'
  rack (1.5.2) lib/rack/head.rb:11:in `call'
  actionpack (4.1.1) lib/action_dispatch/middleware/params_parser.rb:27:in `call'
  actionpack (4.1.1) lib/action_dispatch/middleware/flash.rb:254:in `call'
  rack (1.5.2) lib/rack/session/abstract/id.rb:225:in `context'
  rack (1.5.2) lib/rack/session/abstract/id.rb:220:in `call'
  actionpack (4.1.1) lib/action_dispatch/middleware/cookies.rb:560:in `call'
  activerecord (4.1.1) lib/active_record/query_cache.rb:36:in `call'
  activerecord (4.1.1) lib/active_record/connection_adapters/abstract/connection_pool.rb:621:in `call'
  activerecord (4.1.1) lib/active_record/migration.rb:380:in `call'
  actionpack (4.1.1) lib/action_dispatch/middleware/callbacks.rb:29:in `block in call'
  activesupport (4.1.1) lib/active_support/callbacks.rb:82:in `run_callbacks'
  actionpack (4.1.1) lib/action_dispatch/middleware/callbacks.rb:27:in `call'
  actionpack (4.1.1) lib/action_dispatch/middleware/reloader.rb:73:in `call'
  actionpack (4.1.1) lib/action_dispatch/middleware/remote_ip.rb:76:in `call'
  actionpack (4.1.1) lib/action_dispatch/middleware/debug_exceptions.rb:17:in `call'
  actionpack (4.1.1) lib/action_dispatch/middleware/show_exceptions.rb:30:in `call'
  railties (4.1.1) lib/rails/rack/logger.rb:38:in `call_app'
  railties (4.1.1) lib/rails/rack/logger.rb:20:in `block in call'
  activesupport (4.1.1) lib/active_support/tagged_logging.rb:68:in `block in tagged'
  activesupport (4.1.1) lib/active_support/tagged_logging.rb:26:in `tagged'
  activesupport (4.1.1) lib/active_support/tagged_logging.rb:68:in `tagged'
  railties (4.1.1) lib/rails/rack/logger.rb:20:in `call'
  actionpack (4.1.1) lib/action_dispatch/middleware/request_id.rb:21:in `call'
  rack (1.5.2) lib/rack/methodoverride.rb:21:in `call'
  rack (1.5.2) lib/rack/runtime.rb:17:in `call'
  activesupport (4.1.1) lib/active_support/cache/strategy/local_cache_middleware.rb:26:in `call'
  rack (1.5.2) lib/rack/lock.rb:17:in `call'
  actionpack (4.1.1) lib/action_dispatch/middleware/static.rb:64:in `call'
  rack (1.5.2) lib/rack/sendfile.rb:112:in `call'
  railties (4.1.1) lib/rails/engine.rb:514:in `call'
  railties (4.1.1) lib/rails/application.rb:144:in `call'
  rack (1.5.2) lib/rack/lock.rb:17:in `call'
  rack (1.5.2) lib/rack/content_length.rb:14:in `call'
  rack (1.5.2) lib/rack/handler/webrick.rb:60:in `service'
  /Users/mathur7/.rvm/rubies/ruby-2.1.1/lib/ruby/2.1.0/webrick/httpserver.rb:138:in `service'
  /Users/mathur7/.rvm/rubies/ruby-2.1.1/lib/ruby/2.1.0/webrick/httpserver.rb:94:in `run'
  /Users/mathur7/.rvm/rubies/ruby-2.1.1/lib/ruby/2.1.0/webrick/server.rb:295:in `block in start_thread'


  Rendered /Users/mathur7/.rvm/gems/ruby-2.1.1/gems/actionpack-4.1.1/lib/action_dispatch/middleware/templates/rescues/_source.erb (0.5ms)
  Rendered /Users/mathur7/.rvm/gems/ruby-2.1.1/gems/actionpack-4.1.1/lib/action_dispatch/middleware/templates/rescues/_trace.html.erb (1.8ms)
  Rendered /Users/mathur7/.rvm/gems/ruby-2.1.1/gems/actionpack-4.1.1/lib/action_dispatch/middleware/templates/rescues/_request_and_response.html.erb (1.0ms)
  Rendered /Users/mathur7/.rvm/gems/ruby-2.1.1/gems/actionpack-4.1.1/lib/action_dispatch/middleware/templates/rescues/diagnostics.erb within rescues/layout (15.1ms)


Started GET "/popups/new" for 127.0.0.1 at 2014-05-23 15:38:38 -0700
Processing by PopupsController#new as HTML
  [1m[35mUser Load (0.5ms)[0m  SELECT  "users".* FROM "users"  WHERE "users"."id" = 1  ORDER BY "users"."id" ASC LIMIT 1
  Rendered popups/new.html.erb within layouts/application (38.3ms)
Completed 500 Internal Server Error in 42ms

ActionView::Template::Error (undefined method `each' for nil:NilClass):
    28: 
    29: <h1>Popups</h1>
    30: <ul>
    31:   <% @popups.each do |popup| %>
    32:     <li><b><%=popup.name%></b></li>
    33:   <%end %>
    34: </ul>
  app/views/popups/new.html.erb:31:in `_app_views_popups_new_html_erb__1279237832490885113_2197864640'


  Rendered /Users/mathur7/.rvm/gems/ruby-2.1.1/gems/actionpack-4.1.1/lib/action_dispatch/middleware/templates/rescues/_trace.html.erb (1.2ms)
  Rendered /Users/mathur7/.rvm/gems/ruby-2.1.1/gems/actionpack-4.1.1/lib/action_dispatch/middleware/templates/rescues/_request_and_response.html.erb (0.9ms)
  Rendered /Users/mathur7/.rvm/gems/ruby-2.1.1/gems/actionpack-4.1.1/lib/action_dispatch/middleware/templates/rescues/template_error.html.erb within rescues/layout (10.6ms)


Started GET "/popups/new" for 127.0.0.1 at 2014-05-23 15:39:00 -0700
Processing by PopupsController#new as HTML
  [1m[36mUser Load (0.5ms)[0m  [1mSELECT  "users".* FROM "users"  WHERE "users"."id" = 1  ORDER BY "users"."id" ASC LIMIT 1[0m
  [1m[35mPopup Load (0.7ms)[0m  SELECT "popups".* FROM "popups"
  Rendered popups/new.html.erb within layouts/application (8.6ms)
Completed 200 OK in 33ms (Views: 12.6ms | ActiveRecord: 5.7ms)


Started GET "/assets/application.css?body=1" for 127.0.0.1 at 2014-05-23 15:39:00 -0700


Started GET "/assets/jquery.js?body=1" for 127.0.0.1 at 2014-05-23 15:39:00 -0700


Started GET "/assets/jquery_ujs.js?body=1" for 127.0.0.1 at 2014-05-23 15:39:00 -0700


Started GET "/assets/popups.css?body=1" for 127.0.0.1 at 2014-05-23 15:39:00 -0700


Started GET "/assets/turbolinks.js?body=1" for 127.0.0.1 at 2014-05-23 15:39:00 -0700


Started GET "/assets/popups.js?body=1" for 127.0.0.1 at 2014-05-23 15:39:00 -0700


Started GET "/assets/application.js?body=1" for 127.0.0.1 at 2014-05-23 15:39:00 -0700


Started GET "/popups/new" for 127.0.0.1 at 2014-05-23 15:39:39 -0700
Processing by PopupsController#new as HTML
  [1m[36mUser Load (1.2ms)[0m  [1mSELECT  "users".* FROM "users"  WHERE "users"."id" = 1  ORDER BY "users"."id" ASC LIMIT 1[0m
  [1m[35mPopup Load (0.3ms)[0m  SELECT "popups".* FROM "popups"
  Rendered popups/new.html.erb within layouts/application (7.1ms)
Completed 200 OK in 15ms (Views: 11.3ms | ActiveRecord: 1.6ms)


Started GET "/assets/application.css?body=1" for 127.0.0.1 at 2014-05-23 15:39:39 -0700


Started GET "/assets/jquery.js?body=1" for 127.0.0.1 at 2014-05-23 15:39:39 -0700


Started GET "/assets/popups.css?body=1" for 127.0.0.1 at 2014-05-23 15:39:39 -0700


Started GET "/assets/jquery_ujs.js?body=1" for 127.0.0.1 at 2014-05-23 15:39:39 -0700


Started GET "/assets/turbolinks.js?body=1" for 127.0.0.1 at 2014-05-23 15:39:40 -0700


Started GET "/assets/popups.js?body=1" for 127.0.0.1 at 2014-05-23 15:39:40 -0700


Started GET "/assets/application.js?body=1" for 127.0.0.1 at 2014-05-23 15:39:40 -0700


Started GET "/popups/new" for 127.0.0.1 at 2014-05-23 15:40:04 -0700
Processing by PopupsController#new as HTML
  [1m[36mUser Load (0.4ms)[0m  [1mSELECT  "users".* FROM "users"  WHERE "users"."id" = 1  ORDER BY "users"."id" ASC LIMIT 1[0m
  [1m[35mPopup Load (0.3ms)[0m  SELECT "popups".* FROM "popups"
  Rendered popups/new.html.erb within layouts/application (4.7ms)
Completed 200 OK in 11ms (Views: 8.2ms | ActiveRecord: 0.8ms)


Started GET "/assets/application.css?body=1" for 127.0.0.1 at 2014-05-23 15:40:04 -0700


Started GET "/assets/jquery.js?body=1" for 127.0.0.1 at 2014-05-23 15:40:04 -0700


Started GET "/assets/popups.js?body=1" for 127.0.0.1 at 2014-05-23 15:40:04 -0700


Started GET "/assets/jquery_ujs.js?body=1" for 127.0.0.1 at 2014-05-23 15:40:04 -0700


Started GET "/assets/application.js?body=1" for 127.0.0.1 at 2014-05-23 15:40:04 -0700


Started GET "/assets/turbolinks.js?body=1" for 127.0.0.1 at 2014-05-23 15:40:04 -0700


Started GET "/assets/popups.css?body=1" for 127.0.0.1 at 2014-05-23 15:40:04 -0700


Started GET "/popups/new" for 127.0.0.1 at 2014-05-23 15:43:17 -0700
Processing by PopupsController#new as HTML
  [1m[36mUser Load (0.5ms)[0m  [1mSELECT  "users".* FROM "users"  WHERE "users"."id" = 1  ORDER BY "users"."id" ASC LIMIT 1[0m
  [1m[35mPopup Load (0.4ms)[0m  SELECT "popups".* FROM "popups"
  Rendered popups/new.html.erb within layouts/application (6.3ms)
Completed 200 OK in 13ms (Views: 10.7ms | ActiveRecord: 0.9ms)


Started GET "/assets/popups.css?body=1" for 127.0.0.1 at 2014-05-23 15:43:17 -0700


Started GET "/assets/application.css?body=1" for 127.0.0.1 at 2014-05-23 15:43:17 -0700


Started GET "/assets/turbolinks.js?body=1" for 127.0.0.1 at 2014-05-23 15:43:17 -0700


Started GET "/assets/popups.js?body=1" for 127.0.0.1 at 2014-05-23 15:43:17 -0700


Started GET "/assets/jquery_ujs.js?body=1" for 127.0.0.1 at 2014-05-23 15:43:17 -0700


Started GET "/assets/jquery.js?body=1" for 127.0.0.1 at 2014-05-23 15:43:17 -0700


Started GET "/assets/application.js?body=1" for 127.0.0.1 at 2014-05-23 15:43:17 -0700


Started POST "/popups" for 127.0.0.1 at 2014-05-23 15:45:56 -0700
Processing by PopupsController#create as HTML
  Parameters: {"utf8"=>"✓", "authenticity_token"=>"pDN7LtMGaTDR5TTaF9piN0zp2AImZfTK51jM1VL3WKA=", "popup"=>{"name"=>"Bob's jeans", "description"=>"jeans popup", "price"=>"$$", "address"=>"123 happy st, san francisco, ca", "hours"=>"3:00-4:00 pm", "image"=>"", "expires_at"=>"May 23, 2014"}, "commit"=>"Create Popup"}
  [1m[36mUser Load (0.7ms)[0m  [1mSELECT  "users".* FROM "users"  WHERE "users"."id" = 1  ORDER BY "users"."id" ASC LIMIT 1[0m
  [1m[35m (0.2ms)[0m  BEGIN
  [1m[36mSQL (1.0ms)[0m  [1mINSERT INTO "popups" ("address", "created_at", "description", "expires_at", "hours", "image", "name", "price", "updated_at") VALUES ($1, $2, $3, $4, $5, $6, $7, $8, $9) RETURNING "id"[0m  [["address", "123 happy st, san francisco, ca"], ["created_at", "2014-05-23 22:45:56.974846"], ["description", "jeans popup"], ["expires_at", "2014-05-23 00:00:00.000000"], ["hours", "3:00-4:00 pm"], ["image", ""], ["name", "Bob's jeans"], ["price", "$$"], ["updated_at", "2014-05-23 22:45:56.974846"]]
  [1m[35m (0.4ms)[0m  COMMIT
  Rendered popups/index.html.erb within layouts/application (0.1ms)
Completed 200 OK in 17ms (Views: 4.4ms | ActiveRecord: 2.7ms)


Started GET "/assets/popups.css?body=1" for 127.0.0.1 at 2014-05-23 15:45:57 -0700


Started GET "/assets/jquery.js?body=1" for 127.0.0.1 at 2014-05-23 15:45:57 -0700


Started GET "/assets/application.css?body=1" for 127.0.0.1 at 2014-05-23 15:45:57 -0700


Started GET "/assets/turbolinks.js?body=1" for 127.0.0.1 at 2014-05-23 15:45:57 -0700


Started GET "/assets/jquery_ujs.js?body=1" for 127.0.0.1 at 2014-05-23 15:45:57 -0700


Started GET "/assets/popups.js?body=1" for 127.0.0.1 at 2014-05-23 15:45:57 -0700


Started GET "/assets/application.js?body=1" for 127.0.0.1 at 2014-05-23 15:45:57 -0700


Started POST "/popups" for 127.0.0.1 at 2014-05-23 15:47:55 -0700
Processing by PopupsController#create as HTML
  Parameters: {"utf8"=>"✓", "authenticity_token"=>"pDN7LtMGaTDR5TTaF9piN0zp2AImZfTK51jM1VL3WKA=", "popup"=>{"name"=>"Bob's jeans", "description"=>"jeans popup", "price"=>"$$", "address"=>"123 happy st, san francisco, ca", "hours"=>"3:00-4:00 pm", "image"=>"", "expires_at"=>"May 23, 2014"}, "commit"=>"Create Popup"}
  [1m[36mUser Load (0.4ms)[0m  [1mSELECT  "users".* FROM "users"  WHERE "users"."id" = 1  ORDER BY "users"."id" ASC LIMIT 1[0m
  [1m[35m (0.2ms)[0m  BEGIN
  [1m[36mSQL (0.4ms)[0m  [1mINSERT INTO "popups" ("address", "created_at", "description", "expires_at", "hours", "image", "name", "price", "updated_at") VALUES ($1, $2, $3, $4, $5, $6, $7, $8, $9) RETURNING "id"[0m  [["address", "123 happy st, san francisco, ca"], ["created_at", "2014-05-23 22:47:55.514199"], ["description", "jeans popup"], ["expires_at", "2014-05-23 00:00:00.000000"], ["hours", "3:00-4:00 pm"], ["image", ""], ["name", "Bob's jeans"], ["price", "$$"], ["updated_at", "2014-05-23 22:47:55.514199"]]
  [1m[35m (0.4ms)[0m  COMMIT
  Rendered popups/index.html.erb within layouts/application (0.0ms)
Completed 200 OK in 28ms (Views: 5.2ms | ActiveRecord: 5.9ms)


Started GET "/assets/popups.css?body=1" for 127.0.0.1 at 2014-05-23 15:47:55 -0700


Started GET "/assets/application.css?body=1" for 127.0.0.1 at 2014-05-23 15:47:55 -0700


Started GET "/assets/jquery_ujs.js?body=1" for 127.0.0.1 at 2014-05-23 15:47:55 -0700


Started GET "/assets/turbolinks.js?body=1" for 127.0.0.1 at 2014-05-23 15:47:55 -0700


Started GET "/assets/popups.js?body=1" for 127.0.0.1 at 2014-05-23 15:47:55 -0700


Started GET "/assets/jquery.js?body=1" for 127.0.0.1 at 2014-05-23 15:47:55 -0700


Started GET "/assets/application.js?body=1" for 127.0.0.1 at 2014-05-23 15:47:55 -0700


Started GET "/popups/1" for 127.0.0.1 at 2014-05-23 15:48:06 -0700
Processing by PopupsController#show as HTML
  Parameters: {"id"=>"1"}
  [1m[36mUser Load (0.7ms)[0m  [1mSELECT  "users".* FROM "users"  WHERE "users"."id" = 1  ORDER BY "users"."id" ASC LIMIT 1[0m
  [1m[35mPopup Load (0.6ms)[0m  SELECT  "popups".* FROM "popups"  WHERE "popups"."id" = 1 LIMIT 1
  Rendered popups/show.html.erb within layouts/application (0.4ms)
Completed 200 OK in 10ms (Views: 4.9ms | ActiveRecord: 1.3ms)


Started GET "/assets/popups.css?body=1" for 127.0.0.1 at 2014-05-23 15:48:06 -0700


Started GET "/assets/turbolinks.js?body=1" for 127.0.0.1 at 2014-05-23 15:48:06 -0700


Started GET "/assets/application.css?body=1" for 127.0.0.1 at 2014-05-23 15:48:06 -0700


Started GET "/assets/jquery.js?body=1" for 127.0.0.1 at 2014-05-23 15:48:06 -0700


Started GET "/assets/popups.js?body=1" for 127.0.0.1 at 2014-05-23 15:48:06 -0700


Started GET "/assets/jquery_ujs.js?body=1" for 127.0.0.1 at 2014-05-23 15:48:06 -0700


Started GET "/assets/application.js?body=1" for 127.0.0.1 at 2014-05-23 15:48:06 -0700
  [1m[36mPopup Load (0.8ms)[0m  [1mSELECT "popups".* FROM "popups"[0m


Started GET "/popups/1" for 127.0.0.1 at 2014-05-23 15:52:13 -0700
  [1m[36mActiveRecord::SchemaMigration Load (0.5ms)[0m  [1mSELECT "schema_migrations".* FROM "schema_migrations"[0m
Processing by PopupsController#show as HTML
  Parameters: {"id"=>"1"}
  [1m[35mUser Load (1.0ms)[0m  SELECT  "users".* FROM "users"  WHERE "users"."id" = 1  ORDER BY "users"."id" ASC LIMIT 1
  [1m[36mPopup Load (0.6ms)[0m  [1mSELECT  "popups".* FROM "popups"  WHERE "popups"."id" = 1 LIMIT 1[0m
  Rendered popups/show.html.erb within layouts/application (7.4ms)
Completed 200 OK in 72ms (Views: 39.4ms | ActiveRecord: 6.4ms)


Started GET "/assets/application.css?body=1" for 127.0.0.1 at 2014-05-23 15:52:13 -0700


Started GET "/assets/jquery_ujs.js?body=1" for 127.0.0.1 at 2014-05-23 15:52:13 -0700


Started GET "/assets/turbolinks.js?body=1" for 127.0.0.1 at 2014-05-23 15:52:13 -0700


Started GET "/assets/popups.js?body=1" for 127.0.0.1 at 2014-05-23 15:52:13 -0700


Started GET "/assets/popups.css?body=1" for 127.0.0.1 at 2014-05-23 15:52:13 -0700


Started GET "/assets/jquery.js?body=1" for 127.0.0.1 at 2014-05-23 15:52:13 -0700


Started GET "/assets/application.js?body=1" for 127.0.0.1 at 2014-05-23 15:52:13 -0700


Started GET "/popups/1" for 127.0.0.1 at 2014-05-23 15:52:38 -0700
Processing by PopupsController#show as HTML
  Parameters: {"id"=>"1"}
  [1m[35mUser Load (0.5ms)[0m  SELECT  "users".* FROM "users"  WHERE "users"."id" = 1  ORDER BY "users"."id" ASC LIMIT 1
  [1m[36mPopup Load (0.4ms)[0m  [1mSELECT  "popups".* FROM "popups"  WHERE "popups"."id" = 1 LIMIT 1[0m
  Rendered popups/show.html.erb within layouts/application (0.6ms)
Completed 200 OK in 9ms (Views: 4.7ms | ActiveRecord: 0.9ms)


Started GET "/assets/popups.css?body=1" for 127.0.0.1 at 2014-05-23 15:52:38 -0700


Started GET "/assets/turbolinks.js?body=1" for 127.0.0.1 at 2014-05-23 15:52:38 -0700


Started GET "/assets/jquery.js?body=1" for 127.0.0.1 at 2014-05-23 15:52:38 -0700


Started GET "/assets/jquery_ujs.js?body=1" for 127.0.0.1 at 2014-05-23 15:52:38 -0700


Started GET "/assets/popups.js?body=1" for 127.0.0.1 at 2014-05-23 15:52:38 -0700


Started GET "/assets/application.css?body=1" for 127.0.0.1 at 2014-05-23 15:52:38 -0700


Started GET "/assets/application.js?body=1" for 127.0.0.1 at 2014-05-23 15:52:38 -0700


Started GET "/popups/1" for 127.0.0.1 at 2014-05-23 15:53:11 -0700
Processing by PopupsController#show as HTML
  Parameters: {"id"=>"1"}
  [1m[35mUser Load (0.6ms)[0m  SELECT  "users".* FROM "users"  WHERE "users"."id" = 1  ORDER BY "users"."id" ASC LIMIT 1
  [1m[36mPopup Load (0.4ms)[0m  [1mSELECT  "popups".* FROM "popups"  WHERE "popups"."id" = 1 LIMIT 1[0m
  Rendered popups/show.html.erb within layouts/application (12.8ms)
Completed 500 Internal Server Error in 18ms

ActionView::Template::Error (undefined method `Expires' for #<#<Class:0x000001053243c0>:0x000001027370c8>):
    4: <%= @popup.address %><br>
    5: <%= @popup.hours %><br>
    6: <%= @popup.image %><br>
    7: <%= Expires at:  @popup.expires_at %><br>
  app/views/popups/show.html.erb:7:in `_app_views_popups_show_html_erb___1137821491302984458_2168039460'


  Rendered /Users/mathur7/.rvm/gems/ruby-2.1.1/gems/actionpack-4.1.1/lib/action_dispatch/middleware/templates/rescues/_trace.html.erb (2.2ms)
  Rendered /Users/mathur7/.rvm/gems/ruby-2.1.1/gems/actionpack-4.1.1/lib/action_dispatch/middleware/templates/rescues/_request_and_response.html.erb (0.8ms)
  Rendered /Users/mathur7/.rvm/gems/ruby-2.1.1/gems/actionpack-4.1.1/lib/action_dispatch/middleware/templates/rescues/template_error.html.erb within rescues/layout (12.7ms)


Started GET "/popups/1" for 127.0.0.1 at 2014-05-23 15:53:33 -0700
Processing by PopupsController#show as HTML
  Parameters: {"id"=>"1"}
  [1m[35mUser Load (0.6ms)[0m  SELECT  "users".* FROM "users"  WHERE "users"."id" = 1  ORDER BY "users"."id" ASC LIMIT 1
  [1m[36mPopup Load (0.4ms)[0m  [1mSELECT  "popups".* FROM "popups"  WHERE "popups"."id" = 1 LIMIT 1[0m
  Rendered popups/show.html.erb within layouts/application (0.6ms)
Completed 200 OK in 8ms (Views: 4.5ms | ActiveRecord: 1.0ms)


Started GET "/assets/popups.css?body=1" for 127.0.0.1 at 2014-05-23 15:53:33 -0700


Started GET "/assets/jquery_ujs.js?body=1" for 127.0.0.1 at 2014-05-23 15:53:33 -0700


Started GET "/assets/jquery.js?body=1" for 127.0.0.1 at 2014-05-23 15:53:33 -0700


Started GET "/assets/turbolinks.js?body=1" for 127.0.0.1 at 2014-05-23 15:53:33 -0700


Started GET "/assets/popups.js?body=1" for 127.0.0.1 at 2014-05-23 15:53:33 -0700


Started GET "/assets/application.css?body=1" for 127.0.0.1 at 2014-05-23 15:53:33 -0700


Started GET "/assets/application.js?body=1" for 127.0.0.1 at 2014-05-23 15:53:33 -0700


Started GET "/popups" for 127.0.0.1 at 2014-05-23 15:54:36 -0700
Processing by PopupsController#index as HTML
  [1m[35mUser Load (0.6ms)[0m  SELECT  "users".* FROM "users"  WHERE "users"."id" = 1  ORDER BY "users"."id" ASC LIMIT 1
  Rendered popups/index.html.erb within layouts/application (0.3ms)
Completed 200 OK in 8ms (Views: 5.0ms | ActiveRecord: 0.6ms)


Started GET "/assets/popups.css?body=1" for 127.0.0.1 at 2014-05-23 15:54:36 -0700


Started GET "/assets/application.css?body=1" for 127.0.0.1 at 2014-05-23 15:54:36 -0700


Started GET "/assets/turbolinks.js?body=1" for 127.0.0.1 at 2014-05-23 15:54:36 -0700


Started GET "/assets/jquery.js?body=1" for 127.0.0.1 at 2014-05-23 15:54:36 -0700


Started GET "/assets/popups.js?body=1" for 127.0.0.1 at 2014-05-23 15:54:36 -0700


Started GET "/assets/jquery_ujs.js?body=1" for 127.0.0.1 at 2014-05-23 15:54:36 -0700


Started GET "/assets/application.js?body=1" for 127.0.0.1 at 2014-05-23 15:54:36 -0700


Started GET "/popups" for 127.0.0.1 at 2014-05-23 15:55:22 -0700
Processing by PopupsController#index as HTML
  [1m[36mUser Load (0.5ms)[0m  [1mSELECT  "users".* FROM "users"  WHERE "users"."id" = 1  ORDER BY "users"."id" ASC LIMIT 1[0m
  [1m[35mPopup Load (0.4ms)[0m  SELECT "popups".* FROM "popups"
  Rendered popups/index.html.erb within layouts/application (1.3ms)
Completed 200 OK in 7ms (Views: 4.6ms | ActiveRecord: 1.0ms)


Started GET "/assets/popups.css?body=1" for 127.0.0.1 at 2014-05-23 15:55:22 -0700


Started GET "/assets/jquery.js?body=1" for 127.0.0.1 at 2014-05-23 15:55:22 -0700


Started GET "/assets/application.css?body=1" for 127.0.0.1 at 2014-05-23 15:55:22 -0700


Started GET "/assets/popups.js?body=1" for 127.0.0.1 at 2014-05-23 15:55:22 -0700


Started GET "/assets/jquery_ujs.js?body=1" for 127.0.0.1 at 2014-05-23 15:55:22 -0700


Started GET "/assets/turbolinks.js?body=1" for 127.0.0.1 at 2014-05-23 15:55:22 -0700


Started GET "/assets/application.js?body=1" for 127.0.0.1 at 2014-05-23 15:55:22 -0700


Started GET "/popups" for 127.0.0.1 at 2014-05-23 15:55:28 -0700
Processing by PopupsController#index as HTML
  [1m[36mUser Load (0.4ms)[0m  [1mSELECT  "users".* FROM "users"  WHERE "users"."id" = 1  ORDER BY "users"."id" ASC LIMIT 1[0m
  [1m[35mPopup Load (0.4ms)[0m  SELECT "popups".* FROM "popups"
  Rendered popups/index.html.erb within layouts/application (1.4ms)
Completed 200 OK in 9ms (Views: 6.0ms | ActiveRecord: 0.8ms)


Started GET "/assets/popups.css?body=1" for 127.0.0.1 at 2014-05-23 15:55:28 -0700


Started GET "/assets/jquery_ujs.js?body=1" for 127.0.0.1 at 2014-05-23 15:55:28 -0700


Started GET "/assets/application.css?body=1" for 127.0.0.1 at 2014-05-23 15:55:28 -0700


Started GET "/assets/jquery.js?body=1" for 127.0.0.1 at 2014-05-23 15:55:28 -0700


Started GET "/assets/turbolinks.js?body=1" for 127.0.0.1 at 2014-05-23 15:55:28 -0700


Started GET "/assets/popups.js?body=1" for 127.0.0.1 at 2014-05-23 15:55:28 -0700


Started GET "/assets/application.js?body=1" for 127.0.0.1 at 2014-05-23 15:55:28 -0700
